<?xml version="1.0" encoding="utf-8"?><testsuites name="pytest tests"><testsuite name="pytest" errors="0" failures="0" skipped="0" tests="24" time="10.424" timestamp="2026-08-23T12:44:59.973601+00:00" hostname="agent-env-aa652e59-88df-4455-a644-13936392d687"><testcase classname="tests.test_closed_hours.TestIsOpenUnit" name="test_open_11_23_at_13_pkt" time="0.362" /><testcase classname="tests.test_closed_hours.TestIsOpenUnit" name="test_closed_11_23_at_09_pkt" time="0.000" /><testcase classname="tests.test_closed_hours.TestIsOpenUnit" name="test_closed_11_23_at_02_pkt" time="0.000" /><testcase classname="tests.test_closed_hours.TestIsOpenUnit" name="test_overnight_18_02_open_at_20_pkt" time="0.000" /><testcase classname="tests.test_closed_hours.TestIsOpenUnit" name="test_overnight_18_02_open_at_01_pkt" time="0.000" /><testcase classname="tests.test_closed_hours.TestIsOpenUnit" name="test_overnight_18_02_closed_at_10_pkt" time="0.000" /><testcase classname="tests.test_closed_hours.TestIsOpenUnit" name="test_all_days_closed" time="0.000" /><testcase classname="tests.test_closed_hours.TestIsOpenUnit" name="test_empty_opening_hours" time="0.000" /><testcase classname="tests.test_closed_hours.TestIsOpenUnit" name="test_mixed_week_next_opening" time="0.000" /><testcase classname="tests.test_closed_hours.TestLanguageDetection" name="test_menu_dikhayen_is_roman_urdu" time="0.000" /><testcase classname="tests.test_closed_hours.TestLanguageDetection" name="test_zinger_urdu_phrase" time="0.000" /><testcase classname="tests.test_closed_hours.TestLanguageDetection" name="test_yes_place_my_order_stays_english" time="0.000" /><testcase classname="tests.test_closed_hours.TestLanguageDetection" name="test_do_you_deliver_stays_english" time="0.000" /><testcase classname="tests.test_closed_hours.TestLanguageDetection" name="test_urdu_script" time="0.000" /><testcase classname="tests.test_closed_hours.TestLanguageDetection" name="test_plain_english" time="0.000" /><testcase classname="tests.test_closed_hours.TestPublicChatMeta" name="test_public_endpoint_has_open_now" time="0.202" /><testcase classname="tests.test_closed_hours.TestPublicChatMeta" name="test_public_endpoint_reflects_closed" time="0.350" /><testcase classname="tests.test_closed_hours.TestClosedHoursGate" name="test_closed_gate_blocks_and_returns_metadata" time="0.799" /><testcase classname="tests.test_closed_hours.TestClosedHoursGate" name="test_closed_message_roman_urdu" time="0.501" /><testcase classname="tests.test_closed_hours.TestClosedHoursGate" name="test_closed_message_urdu_script" time="0.463" /><testcase classname="tests.test_closed_hours.TestClosedHoursGate" name="test_closed_message_english" time="0.389" /><testcase classname="tests.test_closed_hours.TestPreorderOverride" name="test_preorder_toggle_lets_bot_work_when_closed" time="4.834" /><testcase classname="tests.test_closed_hours.TestPreorderOverride" name="test_toggle_off_reblocks" time="0.408" /><testcase classname="tests.test_closed_hours.TestBotResumesWhenOpen" name="test_hi_returns_ai_greeting_when_open" time="1.812" /></testsuite></testsuites>