<?xml version="1.0" encoding="utf-8"?><testsuites name="pytest tests"><testsuite name="pytest" errors="0" failures="0" skipped="0" tests="30" time="58.248" timestamp="2026-08-23T12:45:56.381768+00:00" hostname="agent-env-aa652e59-88df-4455-a644-13936392d687"><testcase classname="tests.backend_test.TestAuth" name="test_login_ok" time="0.379" /><testcase classname="tests.backend_test.TestAuth" name="test_login_wrong_password" time="0.479" /><testcase classname="tests.backend_test.TestAuth" name="test_me" time="0.444" /><testcase classname="tests.backend_test.TestAuth" name="test_me_no_auth" time="0.096" /><testcase classname="tests.backend_test.TestTenantIsolation" name="test_tenant2_sees_empty" time="0.697" /><testcase classname="tests.backend_test.TestTenantIsolation" name="test_tenant2_menu_isolated" time="0.193" /><testcase classname="tests.backend_test.TestTenantIsolation" name="test_tenant2_cannot_access_pizza_order" time="0.191" /><testcase classname="tests.backend_test.TestTenantIsolation" name="test_tenant2_analytics" time="0.121" /><testcase classname="tests.backend_test.TestGoogleSheets" name="test_status_not_connected" time="0.096" /><testcase classname="tests.backend_test.TestGoogleSheets" name="test_connect_without_creds_returns_400_not_500" time="0.095" /><testcase classname="tests.backend_test.TestGoogleSheets" name="test_sync_now_does_not_crash" time="0.196" /><testcase classname="tests.backend_test.TestAILanguage" name="test_urdu_script" time="2.618" /><testcase classname="tests.backend_test.TestAILanguage" name="test_roman_urdu" time="2.311" /><testcase classname="tests.backend_test.TestMenu" name="test_menu_crud_and_snapshot" time="0.646" /><testcase classname="tests.backend_test.TestMenu" name="test_existing_order_unit_price_snapshot" time="0.214" /><testcase classname="tests.backend_test.TestCustomersAnalytics" name="test_customers_totals" time="0.214" /><testcase classname="tests.backend_test.TestCustomersAnalytics" name="test_analytics_summary" time="0.102" /><testcase classname="tests.backend_test.TestOrderDetail" name="test_order_detail_shape" time="0.205" /><testcase classname="tests.backend_test.TestOrderDetail" name="test_resync_not_crash" time="0.251" /><testcase classname="tests.backend_test.TestIdempotency" name="test_duplicate_client_message_id" time="3.327" /><testcase classname="tests.backend_test.TestPickup" name="test_pickup_no_address_eta_20_30" time="19.631" /><testcase classname="tests.backend_test.TestOrderFlow" name="test_order_created_with_number" time="23.858" /><testcase classname="tests.backend_test.TestOrderFlow" name="test_pricing_backend_computed" time="0.000" /><testcase classname="tests.backend_test.TestOrderFlow" name="test_summary_math_zinger_fries" time="0.000" /><testcase classname="tests.backend_test.TestOrderFlow" name="test_status_lifecycle_and_notifications" time="0.842" /><testcase classname="tests.backend_test.TestOrderFlow" name="test_invalid_transition" time="0.096" /><testcase classname="tests.backend_test.TestSettings" name="test_update_settings" time="0.187" /><testcase classname="tests.backend_test.TestReject" name="test_reject_order" time="19.557" /><testcase classname="tests.backend_test.TestMinOrder" name="test_min_order_blocks_low_total" time="24.616" /><testcase classname="tests.backend_test.TestWhatsApp" name="test_connect_disconnect_flow" time="0.633" /></testsuite></testsuites>