<?xml version="1.0" encoding="utf-8"?><testsuites name="pytest tests"><testsuite name="pytest" errors="0" failures="0" skipped="0" tests="30" time="54.898" timestamp="2026-08-23T12:22:57.452400+00:00" hostname="agent-env-aa652e59-88df-4455-a644-13936392d687"><testcase classname="tests.backend_test.TestAuth" name="test_login_ok" time="0.585" /><testcase classname="tests.backend_test.TestAuth" name="test_login_wrong_password" time="0.338" /><testcase classname="tests.backend_test.TestAuth" name="test_me" time="0.508" /><testcase classname="tests.backend_test.TestAuth" name="test_me_no_auth" time="0.095" /><testcase classname="tests.backend_test.TestTenantIsolation" name="test_tenant2_sees_empty" time="0.731" /><testcase classname="tests.backend_test.TestTenantIsolation" name="test_tenant2_menu_isolated" time="0.190" /><testcase classname="tests.backend_test.TestTenantIsolation" name="test_tenant2_cannot_access_pizza_order" time="0.199" /><testcase classname="tests.backend_test.TestTenantIsolation" name="test_tenant2_analytics" time="0.139" /><testcase classname="tests.backend_test.TestGoogleSheets" name="test_status_not_connected" time="0.094" /><testcase classname="tests.backend_test.TestGoogleSheets" name="test_connect_without_creds_returns_400_not_500" time="0.098" /><testcase classname="tests.backend_test.TestGoogleSheets" name="test_sync_now_does_not_crash" time="0.249" /><testcase classname="tests.backend_test.TestAILanguage" name="test_urdu_script" time="2.263" /><testcase classname="tests.backend_test.TestAILanguage" name="test_roman_urdu" time="2.291" /><testcase classname="tests.backend_test.TestMenu" name="test_menu_crud_and_snapshot" time="0.614" /><testcase classname="tests.backend_test.TestMenu" name="test_existing_order_unit_price_snapshot" time="0.186" /><testcase classname="tests.backend_test.TestCustomersAnalytics" name="test_customers_totals" time="0.183" /><testcase classname="tests.backend_test.TestCustomersAnalytics" name="test_analytics_summary" time="0.102" /><testcase classname="tests.backend_test.TestOrderDetail" name="test_order_detail_shape" time="0.279" /><testcase classname="tests.backend_test.TestOrderDetail" name="test_resync_not_crash" time="0.202" /><testcase classname="tests.backend_test.TestIdempotency" name="test_duplicate_client_message_id" time="1.425" /><testcase classname="tests.backend_test.TestPickup" name="test_pickup_no_address_eta_20_30" time="17.996" /><testcase classname="tests.backend_test.TestOrderFlow" name="test_order_created_with_number" time="20.051" /><testcase classname="tests.backend_test.TestOrderFlow" name="test_pricing_backend_computed" time="0.000" /><testcase classname="tests.backend_test.TestOrderFlow" name="test_summary_math_zinger_fries" time="0.000" /><testcase classname="tests.backend_test.TestOrderFlow" name="test_status_lifecycle_and_notifications" time="0.863" /><testcase classname="tests.backend_test.TestOrderFlow" name="test_invalid_transition" time="0.106" /><testcase classname="tests.backend_test.TestSettings" name="test_update_settings" time="0.193" /><testcase classname="tests.backend_test.TestReject" name="test_reject_order" time="16.962" /><testcase classname="tests.backend_test.TestMinOrder" name="test_min_order_blocks_low_total" time="24.811" /><testcase classname="tests.backend_test.TestWhatsApp" name="test_connect_disconnect_flow" time="0.859" /></testsuite></testsuites>